Using pre-set license
Built from '2021.3/staging' branch; Version is '2021.3.0f1 (6eacc8284459) revision 7253192'; Using compiler version '192829333'; Build Type 'Release'
OS: 'Windows 10  (10.0.19045) 64bit Professional' Language: 'ko' Physical Memory: 7971 MB
BatchMode: 1, IsHumanControllingUs: 0, StartBugReporterOnCrash: 0, Is64bit: 1, IsPro: 1

COMMAND LINE ARGUMENTS:
C:\Program Files\Unity\2021.3.0f1\Editor\Unity.exe
-adb2
-batchMode
-noUpm
-name
AssetImportWorker0
-projectPath
C:/GitHub/Project-G/Project-G
-logFile
Logs/AssetImportWorker0.log
-srvPort
4601
Successfully changed project path to: C:/GitHub/Project-G/Project-G
C:/GitHub/Project-G/Project-G
[UnityMemory] Configuration Parameters - Can be set up in boot.config
    "memorysetup-bucket-allocator-granularity=16"
    "memorysetup-bucket-allocator-bucket-count=8"
    "memorysetup-bucket-allocator-block-size=33554432"
    "memorysetup-bucket-allocator-block-count=8"
    "memorysetup-main-allocator-block-size=16777216"
    "memorysetup-thread-allocator-block-size=16777216"
    "memorysetup-gfx-main-allocator-block-size=16777216"
    "memorysetup-gfx-thread-allocator-block-size=16777216"
    "memorysetup-cache-allocator-block-size=4194304"
    "memorysetup-typetree-allocator-block-size=2097152"
    "memorysetup-profiler-bucket-allocator-granularity=16"
    "memorysetup-profiler-bucket-allocator-bucket-count=8"
    "memorysetup-profiler-bucket-allocator-block-size=33554432"
    "memorysetup-profiler-bucket-allocator-block-count=8"
    "memorysetup-profiler-allocator-block-size=16777216"
    "memorysetup-profiler-editor-allocator-block-size=1048576"
    "memorysetup-temp-allocator-size-main=16777216"
    "memorysetup-job-temp-allocator-block-size=2097152"
    "memorysetup-job-temp-allocator-block-size-background=1048576"
    "memorysetup-job-temp-allocator-reduction-small-platforms=262144"
    "memorysetup-temp-allocator-size-background-worker=32768"
    "memorysetup-temp-allocator-size-job-worker=262144"
    "memorysetup-temp-allocator-size-preload-manager=33554432"
    "memorysetup-temp-allocator-size-nav-mesh-worker=65536"
    "memorysetup-temp-allocator-size-audio-worker=65536"
    "memorysetup-temp-allocator-size-cloud-worker=32768"
    "memorysetup-temp-allocator-size-gi-baking-worker=262144"
    "memorysetup-temp-allocator-size-gfx=262144"
Refreshing native plugins compatible for Editor in 163.43 ms, found 3 plugins.
Preloading 0 native plugins for Editor in 0.00 ms.
Initialize engine version: 2021.3.0f1 (6eacc8284459)
[Subsystems] Discovering subsystems at path C:/Program Files/Unity/2021.3.0f1/Editor/Data/Resources/UnitySubsystems
[Subsystems] Discovering subsystems at path C:/GitHub/Project-G/Project-G/Assets
GfxDevice: creating device client; threaded=0; jobified=0
Direct3D:
    Version:  Direct3D 11.0 [level 11.1]
    Renderer: Intel(R) UHD Graphics (ID=0x9b41)
    Vendor:   Intel
    VRAM:     3985 MB
    Driver:   26.20.100.7463
Initialize mono
Mono path[0] = 'C:/Program Files/Unity/2021.3.0f1/Editor/Data/Managed'
Mono path[1] = 'C:/Program Files/Unity/2021.3.0f1/Editor/Data/MonoBleedingEdge/lib/mono/unityjit-win32'
Mono config path = 'C:/Program Files/Unity/2021.3.0f1/Editor/Data/MonoBleedingEdge/etc'
Using monoOptions --debugger-agent=transport=dt_socket,embedding=1,server=y,suspend=n,address=127.0.0.1:56356
Begin MonoManager ReloadAssembly
Registering precompiled unity dll's ...
Register platform support module: C:/Program Files/Unity/2021.3.0f1/Editor/Data/PlaybackEngines/AndroidPlayer/UnityEditor.Android.Extensions.dll
Register platform support module: C:/Program Files/Unity/2021.3.0f1/Editor/Data/PlaybackEngines/WindowsStandaloneSupport/UnityEditor.WindowsStandalone.Extensions.dll
Registered in 0.029113 seconds.
Native extension for WindowsStandalone target not found
Native extension for Android target not found
Refreshing native plugins compatible for Editor in 141.35 ms, found 3 plugins.
Preloading 0 native plugins for Editor in 0.00 ms.
Mono: successfully reloaded assembly
- Completed reload, in  1.351 seconds
Domain Reload Profiling:
	ReloadAssembly (1353ms)
		BeginReloadAssembly (248ms)
			ExecutionOrderSort (0ms)
			DisableScriptedObjects (0ms)
			BackupInstance (0ms)
			ReleaseScriptingObjects (0ms)
			CreateAndSetChildDomain (2ms)
		EndReloadAssembly (886ms)
			LoadAssemblies (236ms)
			RebuildTransferFunctionScriptingTraits (3ms)
			SetupTypeCache (186ms)
			ReleaseScriptCaches (0ms)
			RebuildScriptCaches (43ms)
			SetupLoadedEditorAssemblies (563ms)
				LogAssemblyErrors (0ms)
				InitializePlatformSupportModulesInManaged (107ms)
				SetLoadedEditorAssemblies (1ms)
				RefreshPlugins (141ms)
				BeforeProcessingInitializeOnLoad (2ms)
				ProcessInitializeOnLoadAttributes (222ms)
				ProcessInitializeOnLoadMethodAttributes (90ms)
				AfterProcessingInitializeOnLoad (0ms)
				EditorAssembliesLoaded (0ms)
			ExecutionOrderSort2 (0ms)
			AwakeInstancesAfterBackupRestoration (0ms)
Platform modules already initialized, skipping
Registering precompiled user dll's ...
Registered in 0.032348 seconds.
Begin MonoManager ReloadAssembly
Symbol file LoadedFromMemory doesn't match image C:\GitHub\Project-G\Project-G\Library\PackageCache\com.unity.visualscripting@1.7.6\Editor\VisualScripting.Core\Dependencies\YamlDotNet\Unity.VisualScripting.YamlDotNet.dll
Symbol file LoadedFromMemory is not a mono symbol file
Symbol file LoadedFromMemory doesn't match image C:\GitHub\Project-G\Project-G\Library\PackageCache\com.unity.visualscripting@1.7.6\Editor\VisualScripting.Core\Dependencies\DotNetZip\Unity.VisualScripting.IonicZip.dll
Native extension for WindowsStandalone target not found
Native extension for Android target not found
Refreshing native plugins compatible for Editor in 0.87 ms, found 3 plugins.
Preloading 0 native plugins for Editor in 0.00 ms.
Mono: successfully reloaded assembly
- Completed reload, in  3.851 seconds
Domain Reload Profiling:
	ReloadAssembly (3852ms)
		BeginReloadAssembly (2177ms)
			ExecutionOrderSort (0ms)
			DisableScriptedObjects (9ms)
			BackupInstance (0ms)
			ReleaseScriptingObjects (0ms)
			CreateAndSetChildDomain (1901ms)
		EndReloadAssembly (1460ms)
			LoadAssemblies (388ms)
			RebuildTransferFunctionScriptingTraits (0ms)
			SetupTypeCache (405ms)
			ReleaseScriptCaches (1ms)
			RebuildScriptCaches (80ms)
			SetupLoadedEditorAssemblies (608ms)
				LogAssemblyErrors (0ms)
				InitializePlatformSupportModulesInManaged (29ms)
				SetLoadedEditorAssemblies (0ms)
				RefreshPlugins (1ms)
				BeforeProcessingInitializeOnLoad (164ms)
				ProcessInitializeOnLoadAttributes (316ms)
				ProcessInitializeOnLoadMethodAttributes (67ms)
				AfterProcessingInitializeOnLoad (30ms)
				EditorAssembliesLoaded (0ms)
			ExecutionOrderSort2 (0ms)
			AwakeInstancesAfterBackupRestoration (17ms)
Platform modules already initialized, skipping
========================================================================
Worker process is ready to serve import requests
Launched and connected shader compiler UnityShaderCompiler.exe after 0.14 seconds
Refreshing native plugins compatible for Editor in 0.68 ms, found 3 plugins.
Preloading 0 native plugins for Editor in 0.00 ms.
Unloading 3225 Unused Serialized files (Serialized files now loaded: 0)
Unloading 23 unused Assets / (112.1 KB). Loaded Objects now: 3687.
Memory consumption went from 112.1 MB to 112.0 MB.
Total: 4.225200 ms (FindLiveObjects: 0.384300 ms CreateObjectMapping: 0.269700 ms MarkObjects: 3.439600 ms  DeleteObjects: 0.129900 ms)

AssetImportParameters requested are different than current active one (requested -> active):
  custom:video-decoder-ogg-theora: a1e56fd34408186e4bbccfd4996cb3dc -> 
  custom:container-muxer-webm: aa71ff27fc2769a1b78a27578f13a17b -> 
  custom:container-demuxer-webm: 4f35f7cbe854078d1ac9338744f61a02 -> 
  custom:video-encoder-webm-vp8: eb34c28f22e8b96e1ab97ce403110664 -> 
  custom:audio-encoder-webm-vorbis: bf7c407c2cedff20999df2af8eb42d56 -> 
  custom:framework-win-MediaFoundation: 216162199b28c13a410421893ffa2e32 -> 
  custom:container-demuxer-ogg: 62fdf1f143b41e24485cea50d1cbac27 -> 
  custom:video-decoder-webm-vp8: 9c59270c3fd7afecdb556c50c9e8de78 -> 
  custom:audio-decoder-ogg-vorbis: bf7c407c2cedff20999df2af8eb42d56 -> 
========================================================================
Received Import Request.
  Time since last request: 22379.694091 seconds.
  path: Assets/Scripts
  artifactKey: Guid(fc96b665fea24bc40be4203add35d01d) Importer(815301076,1909f56bfc062723c751e8b465ee728b)
Start importing Assets/Scripts using Guid(fc96b665fea24bc40be4203add35d01d) Importer(815301076,1909f56bfc062723c751e8b465ee728b)  -> (artifact id: '199d9ad06446bf3b1f6f303067a7365c') in 0.022498 seconds 
========================================================================
Received Import Request.
  Time since last request: 0.520271 seconds.
  path: Assets/Scenes
  artifactKey: Guid(6ea315d0fd7389c41b19996891e99ae3) Importer(815301076,1909f56bfc062723c751e8b465ee728b)
Start importing Assets/Scenes using Guid(6ea315d0fd7389c41b19996891e99ae3) Importer(815301076,1909f56bfc062723c751e8b465ee728b)  -> (artifact id: 'b8193726cff86800c54781cdc6d54904') in 0.011195 seconds 
========================================================================
Received Import Request.
  Time since last request: 2.451849 seconds.
  path: Assets/1. Scenes
  artifactKey: Guid(6ea315d0fd7389c41b19996891e99ae3) Importer(815301076,1909f56bfc062723c751e8b465ee728b)
Start importing Assets/1. Scenes using Guid(6ea315d0fd7389c41b19996891e99ae3) Importer(815301076,1909f56bfc062723c751e8b465ee728b)  -> (artifact id: '29577423bf986c0e13d38269ae181792') in 0.011318 seconds 
========================================================================
Received Import Request.
  Time since last request: 4.702033 seconds.
  path: Assets/1.Scenes
  artifactKey: Guid(6ea315d0fd7389c41b19996891e99ae3) Importer(815301076,1909f56bfc062723c751e8b465ee728b)
Start importing Assets/1.Scenes using Guid(6ea315d0fd7389c41b19996891e99ae3) Importer(815301076,1909f56bfc062723c751e8b465ee728b)  -> (artifact id: '671c02e70e0468753471b893a330aaf0') in 0.009879 seconds 
========================================================================
Received Import Request.
  Time since last request: 267.336758 seconds.
  path: Assets/2.Scripts
  artifactKey: Guid(fc96b665fea24bc40be4203add35d01d) Importer(815301076,1909f56bfc062723c751e8b465ee728b)
Start importing Assets/2.Scripts using Guid(fc96b665fea24bc40be4203add35d01d) Importer(815301076,1909f56bfc062723c751e8b465ee728b)  -> (artifact id: '27a8d64492bcc45e0570247b9d45a9a8') in 0.010546 seconds 
========================================================================
Received Import Request.
  Time since last request: 6.427671 seconds.
  path: Assets/3.Prefabs
  artifactKey: Guid(7e8b011ee6d36cc469269fbea0d4199c) Importer(815301076,1909f56bfc062723c751e8b465ee728b)
Start importing Assets/3.Prefabs using Guid(7e8b011ee6d36cc469269fbea0d4199c) Importer(815301076,1909f56bfc062723c751e8b465ee728b)  -> (artifact id: '1d966f1b75e16d9358c3fa474419f444') in 0.009492 seconds 
========================================================================
Received Import Request.
  Time since last request: 9.675106 seconds.
  path: Assets/4.Matreials
  artifactKey: Guid(07770270996350b4186a1bec02a18a1f) Importer(815301076,1909f56bfc062723c751e8b465ee728b)
Start importing Assets/4.Matreials using Guid(07770270996350b4186a1bec02a18a1f) Importer(815301076,1909f56bfc062723c751e8b465ee728b)  -> (artifact id: '4fbee2eed078f4546faa2582635e9cbb') in 0.009303 seconds 
========================================================================
Received Import Request.
  Time since last request: 98.556811 seconds.
  path: Assets/4.Materials
  artifactKey: Guid(07770270996350b4186a1bec02a18a1f) Importer(815301076,1909f56bfc062723c751e8b465ee728b)
Start importing Assets/4.Materials using Guid(07770270996350b4186a1bec02a18a1f) Importer(815301076,1909f56bfc062723c751e8b465ee728b)  -> (artifact id: '9062477c593868dc30e0654dc81ff282') in 0.007996 seconds 
========================================================================
Received Import Request.
  Time since last request: 8.017516 seconds.
  path: Assets/5_
  artifactKey: Guid(e8f1cb17645e7e44baa5fb34cf454d46) Importer(815301076,1909f56bfc062723c751e8b465ee728b)
Start importing Assets/5_ using Guid(e8f1cb17645e7e44baa5fb34cf454d46) Importer(815301076,1909f56bfc062723c751e8b465ee728b)  -> (artifact id: '544e9b844673d51d2eaa08ebe7c59098') in 0.010457 seconds 
========================================================================
Received Import Request.
  Time since last request: 10.553911 seconds.
  path: Assets/5.Models
  artifactKey: Guid(e8f1cb17645e7e44baa5fb34cf454d46) Importer(815301076,1909f56bfc062723c751e8b465ee728b)
Start importing Assets/5.Models using Guid(e8f1cb17645e7e44baa5fb34cf454d46) Importer(815301076,1909f56bfc062723c751e8b465ee728b)  -> (artifact id: 'e18dfa544df4fa5fac581664e4053ed5') in 0.007488 seconds 
========================================================================
Received Import Request.
  Time since last request: 7.990939 seconds.
  path: Assets/6.Sounds
  artifactKey: Guid(6bb820e90da497f4caa8efbe4cf9feb7) Importer(815301076,1909f56bfc062723c751e8b465ee728b)
Start importing Assets/6.Sounds using Guid(6bb820e90da497f4caa8efbe4cf9feb7) Importer(815301076,1909f56bfc062723c751e8b465ee728b)  -> (artifact id: 'a91e3eaa2a3c53409f522294a629faf4') in 0.008540 seconds 
========================================================================
Received Import Request.
  Time since last request: 23.268084 seconds.
  path: Assets/7.Animations
  artifactKey: Guid(b28c92303ac4a0a4b89c4bdd781abd53) Importer(815301076,1909f56bfc062723c751e8b465ee728b)
Start importing Assets/7.Animations using Guid(b28c92303ac4a0a4b89c4bdd781abd53) Importer(815301076,1909f56bfc062723c751e8b465ee728b)  -> (artifact id: 'bbf85fa08b212084abbbfd76cad7f851') in 0.009189 seconds 
========================================================================
Received Import Request.
  Time since last request: 13.337601 seconds.
  path: Assets/1.Scenes/SampleScene.unity
  artifactKey: Guid(9fc0d4010bbf28b4594072e72b8655ab) Importer(815301076,1909f56bfc062723c751e8b465ee728b)
Start importing Assets/1.Scenes/SampleScene.unity using Guid(9fc0d4010bbf28b4594072e72b8655ab) Importer(815301076,1909f56bfc062723c751e8b465ee728b)  -> (artifact id: 'e55ccaa32d8e5c1de03c07a5412c8c3c') in 0.008278 seconds 
========================================================================
Received Import Request.
  Time since last request: 11.770888 seconds.
  path: Assets/1.Scenes/TestScene.unity
  artifactKey: Guid(9fc0d4010bbf28b4594072e72b8655ab) Importer(815301076,1909f56bfc062723c751e8b465ee728b)
Start importing Assets/1.Scenes/TestScene.unity using Guid(9fc0d4010bbf28b4594072e72b8655ab) Importer(815301076,1909f56bfc062723c751e8b465ee728b)  -> (artifact id: 'fcd5882937d748cd71706f11f886a1cb') in 0.008747 seconds 
